<?xml version="1.0" encoding="UTF-8"?>
<!-- Generated by org.testng.reporters.JUnitReportReporter -->
<testsuite hostname="DESKTOP-BK3GICB" failures="0" tests="1" name="Browser.LaunchBrowser" time="30.361" errors="0" timestamp="2023-04-19T19:40:40 IST" skipped="0">
  <testcase classname="Browser.LaunchBrowser" name="method" time="30.361"/>
  <system-out/>
</testsuite> <!-- Browser.LaunchBrowser -->
